<?xml version="1.0" encoding="UTF-8"?>
<!-- Generated by org.testng.reporters.JUnitReportReporter -->
<testsuite hostname="Sena" failures="0" tests="1" name="AppiumClasses.Appium10UiSelectorTestCase" time="26.763" errors="0" timestamp="2022-12-28T17:09:50 EET" skipped="0">
  <testcase classname="AppiumClasses.Appium10UiSelectorTestCase" name="test" time="26.763"/>
  <system-out/>
</testsuite> <!-- AppiumClasses.Appium10UiSelectorTestCase -->
